running egg_info
creating ../build/app/app.egg-info
writing ../build/app/app.egg-info/PKG-INFO
writing dependency_links to ../build/app/app.egg-info/dependency_links.txt
writing entry points to ../build/app/app.egg-info/entry_points.txt
writing requirements to ../build/app/app.egg-info/requires.txt
writing top-level names to ../build/app/app.egg-info/top_level.txt
writing manifest file '../build/app/app.egg-info/SOURCES.txt'
reading manifest file '../build/app/app.egg-info/SOURCES.txt'
writing manifest file '../build/app/app.egg-info/SOURCES.txt'
running build
running build_py
creating /home/ubuntu/ros2_ws/src/build/app/build
creating /home/ubuntu/ros2_ws/src/build/app/build/lib
creating /home/ubuntu/ros2_ws/src/build/app/build/lib/app
copying app/__init__.py -> /home/ubuntu/ros2_ws/src/build/app/build/lib/app
copying app/qrcode.py -> /home/ubuntu/ros2_ws/src/build/app/build/lib/app
copying app/line_following.py -> /home/ubuntu/ros2_ws/src/build/app/build/lib/app
copying app/avoidance_node.py -> /home/ubuntu/ros2_ws/src/build/app/build/lib/app
copying app/gesture_control_node.py -> /home/ubuntu/ros2_ws/src/build/app/build/lib/app
copying app/hand_gesture.py -> /home/ubuntu/ros2_ws/src/build/app/build/lib/app
copying app/common.py -> /home/ubuntu/ros2_ws/src/build/app/build/lib/app
copying app/obj_loader.py -> /home/ubuntu/ros2_ws/src/build/app/build/lib/app
copying app/tracking.py -> /home/ubuntu/ros2_ws/src/build/app/build/lib/app
copying app/hand_trajectory_node.py -> /home/ubuntu/ros2_ws/src/build/app/build/lib/app
running install
running install_lib
creating /home/ubuntu/ros2_ws/src/install/app/lib/python3.10/site-packages/app
copying /home/ubuntu/ros2_ws/src/build/app/build/lib/app/__init__.py -> /home/ubuntu/ros2_ws/src/install/app/lib/python3.10/site-packages/app
copying /home/ubuntu/ros2_ws/src/build/app/build/lib/app/qrcode.py -> /home/ubuntu/ros2_ws/src/install/app/lib/python3.10/site-packages/app
copying /home/ubuntu/ros2_ws/src/build/app/build/lib/app/line_following.py -> /home/ubuntu/ros2_ws/src/install/app/lib/python3.10/site-packages/app
copying /home/ubuntu/ros2_ws/src/build/app/build/lib/app/avoidance_node.py -> /home/ubuntu/ros2_ws/src/install/app/lib/python3.10/site-packages/app
copying /home/ubuntu/ros2_ws/src/build/app/build/lib/app/gesture_control_node.py -> /home/ubuntu/ros2_ws/src/install/app/lib/python3.10/site-packages/app
copying /home/ubuntu/ros2_ws/src/build/app/build/lib/app/hand_gesture.py -> /home/ubuntu/ros2_ws/src/install/app/lib/python3.10/site-packages/app
copying /home/ubuntu/ros2_ws/src/build/app/build/lib/app/common.py -> /home/ubuntu/ros2_ws/src/install/app/lib/python3.10/site-packages/app
copying /home/ubuntu/ros2_ws/src/build/app/build/lib/app/obj_loader.py -> /home/ubuntu/ros2_ws/src/install/app/lib/python3.10/site-packages/app
copying /home/ubuntu/ros2_ws/src/build/app/build/lib/app/tracking.py -> /home/ubuntu/ros2_ws/src/install/app/lib/python3.10/site-packages/app
copying /home/ubuntu/ros2_ws/src/build/app/build/lib/app/hand_trajectory_node.py -> /home/ubuntu/ros2_ws/src/install/app/lib/python3.10/site-packages/app
byte-compiling /home/ubuntu/ros2_ws/src/install/app/lib/python3.10/site-packages/app/__init__.py to __init__.cpython-310.pyc
byte-compiling /home/ubuntu/ros2_ws/src/install/app/lib/python3.10/site-packages/app/qrcode.py to qrcode.cpython-310.pyc
byte-compiling /home/ubuntu/ros2_ws/src/install/app/lib/python3.10/site-packages/app/line_following.py to line_following.cpython-310.pyc
byte-compiling /home/ubuntu/ros2_ws/src/install/app/lib/python3.10/site-packages/app/avoidance_node.py to avoidance_node.cpython-310.pyc
byte-compiling /home/ubuntu/ros2_ws/src/install/app/lib/python3.10/site-packages/app/gesture_control_node.py to gesture_control_node.cpython-310.pyc
byte-compiling /home/ubuntu/ros2_ws/src/install/app/lib/python3.10/site-packages/app/hand_gesture.py to hand_gesture.cpython-310.pyc
byte-compiling /home/ubuntu/ros2_ws/src/install/app/lib/python3.10/site-packages/app/common.py to common.cpython-310.pyc
byte-compiling /home/ubuntu/ros2_ws/src/install/app/lib/python3.10/site-packages/app/obj_loader.py to obj_loader.cpython-310.pyc
byte-compiling /home/ubuntu/ros2_ws/src/install/app/lib/python3.10/site-packages/app/tracking.py to tracking.cpython-310.pyc
byte-compiling /home/ubuntu/ros2_ws/src/install/app/lib/python3.10/site-packages/app/hand_trajectory_node.py to hand_trajectory_node.cpython-310.pyc
running install_data
creating /home/ubuntu/ros2_ws/src/install/app/share/ament_index
creating /home/ubuntu/ros2_ws/src/install/app/share/ament_index/resource_index
creating /home/ubuntu/ros2_ws/src/install/app/share/ament_index/resource_index/packages
copying resource/app -> /home/ubuntu/ros2_ws/src/install/app/share/ament_index/resource_index/packages
copying package.xml -> /home/ubuntu/ros2_ws/src/install/app/share/app
creating /home/ubuntu/ros2_ws/src/install/app/share/app/launch
copying launch/avoidance_node.launch.py -> /home/ubuntu/ros2_ws/src/install/app/share/app/launch
copying launch/object_tracking.launch.py -> /home/ubuntu/ros2_ws/src/install/app/share/app/launch
copying launch/line_following_node.launch.py -> /home/ubuntu/ros2_ws/src/install/app/share/app/launch
copying launch/qrcode.launch.py -> /home/ubuntu/ros2_ws/src/install/app/share/app/launch
copying launch/line_following.launch.py -> /home/ubuntu/ros2_ws/src/install/app/share/app/launch
copying launch/start_app.launch.py -> /home/ubuntu/ros2_ws/src/install/app/share/app/launch
copying launch/gesture_control_node.launch.py -> /home/ubuntu/ros2_ws/src/install/app/share/app/launch
copying launch/object_tracking_node.launch.py -> /home/ubuntu/ros2_ws/src/install/app/share/app/launch
creating /home/ubuntu/ros2_ws/src/install/app/share/app/models
copying models/wolf.obj -> /home/ubuntu/ros2_ws/src/install/app/share/app/models
copying models/cow.obj -> /home/ubuntu/ros2_ws/src/install/app/share/app/models
copying models/bicycle.obj -> /home/ubuntu/ros2_ws/src/install/app/share/app/models
copying models/pirate-ship-fat.obj -> /home/ubuntu/ros2_ws/src/install/app/share/app/models
copying models/model.jpg -> /home/ubuntu/ros2_ws/src/install/app/share/app/models
copying models/chair.obj -> /home/ubuntu/ros2_ws/src/install/app/share/app/models
copying models/rat.obj -> /home/ubuntu/ros2_ws/src/install/app/share/app/models
copying models/fox.obj -> /home/ubuntu/ros2_ws/src/install/app/share/app/models
running install_egg_info
Copying ../build/app/app.egg-info to /home/ubuntu/ros2_ws/src/install/app/lib/python3.10/site-packages/app-0.0.0-py3.10.egg-info
running install_scripts
Installing avoidance_node script to /home/ubuntu/ros2_ws/src/install/app/lib/app
Installing gesture_control_node script to /home/ubuntu/ros2_ws/src/install/app/lib/app
Installing line_following script to /home/ubuntu/ros2_ws/src/install/app/lib/app
Installing qrcode script to /home/ubuntu/ros2_ws/src/install/app/lib/app
Installing tracking script to /home/ubuntu/ros2_ws/src/install/app/lib/app
writing list of installed files to '/home/ubuntu/ros2_ws/src/build/app/install.log'
